<?xml version="1.0" encoding="UTF-8"?>
<!-- Generated by org.testng.reporters.JUnitXMLReporter -->
<testsuite hostname="paky-HP" name="RegisterTest-CH" tests="4" failures="1" timestamp="7 Mar 2019 17:21:06 GMT" time="0.412" errors="0">
  <testcase name="@AfterMethod methodTeardown" time="0.0" classname="com.phptravels.RegistrationPageTest">
    <failure type="java.lang.NullPointerException">
      <![CDATA[java.lang.NullPointerException
	at com.phptravels.base.BaseTest.methodTeardown(BaseTest.java:60)
... Removed 26 stack frames]]>
    </failure>
  </testcase> <!-- @AfterMethod methodTeardown -->
  <testcase name="@AfterMethod methodTeardown" time="0.0" classname="com.phptravels.RegistrationPageTest">
    <failure type="java.lang.NullPointerException">
      <![CDATA[java.lang.NullPointerException
	at com.phptravels.base.BaseTest.methodTeardown(BaseTest.java:60)
... Removed 26 stack frames]]>
    </failure>
  </testcase> <!-- @AfterMethod methodTeardown -->
  <testcase name="@AfterMethod methodTeardown" time="0.0" classname="com.phptravels.RegistrationPageTest">
    <failure type="java.lang.NullPointerException">
      <![CDATA[java.lang.NullPointerException
	at com.phptravels.base.BaseTest.methodTeardown(BaseTest.java:60)
... Removed 26 stack frames]]>
    </failure>
  </testcase> <!-- @AfterMethod methodTeardown -->
  <testcase name="@AfterMethod methodTeardown" time="0.0" classname="com.phptravels.RegistrationPageTest">
    <failure type="java.lang.NullPointerException">
      <![CDATA[java.lang.NullPointerException
	at com.phptravels.base.BaseTest.methodTeardown(BaseTest.java:60)
... Removed 26 stack frames]]>
    </failure>
  </testcase> <!-- @AfterMethod methodTeardown -->
  <testcase name="negativeRegistrationTest" time="0.156" classname="com.phptravels.RegistrationPageTest">
    <failure type="java.lang.NullPointerException">
      <![CDATA[java.lang.NullPointerException
	at java.util.Objects.requireNonNull(Unknown Source)
	at org.openqa.selenium.support.ui.FluentWait.<init>(FluentWait.java:106)
	at org.openqa.selenium.support.ui.WebDriverWait.<init>(WebDriverWait.java:85)
	at org.openqa.selenium.support.ui.WebDriverWait.<init>(WebDriverWait.java:45)
	at com.phptravels.base.BasePageObject.<init>(BasePageObject.java:23)
	at com.phptravels.pages.RegistrationPage.<init>(RegistrationPage.java:24)
	at com.phptravels.RegistrationPageTest.negativeRegistrationTest(RegistrationPageTest.java:74)
... Removed 24 stack frames]]>
    </failure>
  </testcase> <!-- negativeRegistrationTest -->
  <testcase name="negativeRegistrationTest" time="0.003" classname="com.phptravels.RegistrationPageTest">
    <skipped/>
  </testcase> <!-- negativeRegistrationTest -->
  <testcase name="negativeRegistrationTest" time="0.003" classname="com.phptravels.RegistrationPageTest">
    <skipped/>
  </testcase> <!-- negativeRegistrationTest -->
  <testcase name="negativeRegistrationTest" time="0.002" classname="com.phptravels.RegistrationPageTest">
    <skipped/>
  </testcase> <!-- negativeRegistrationTest -->
</testsuite> <!-- RegisterTest-CH -->
